  Compiling CUDA source file kernel.cu...
  
  C:\Users\767905\Documents\Parallel Concurrent\Parallel Labs\lab_a\lab_a>"C:\Program Files\NVIDIA GPU Computing Toolkit\CUDA\v12.9\bin\nvcc.exe" -gencode=arch=compute_52,code=\"sm_52,compute_52\" --use-local-env -ccbin "C:\Program Files\Microsoft Visual Studio\2022\Enterprise\VC\Tools\MSVC\14.44.35207\bin\HostX64\x64" -x cu   -I"C:\Program Files\NVIDIA GPU Computing Toolkit\CUDA\v12.9\include" -I"C:\Program Files\NVIDIA GPU Computing Toolkit\CUDA\v12.9\include"  -G   --keep-dir x64\Debug  -maxrregcount=0    --machine 64 --compile -cudart static  -g  -DWIN32 -DWIN64 -D_DEBUG -D_CONSOLE -D_MBCS -Xcompiler "/EHsc /W3 /nologo /Od /FS /Zi /RTC1 /MDd " -Xcompiler "/Fdx64\Debug\vc143.pdb" -o "C:\Users\767905\Documents\Parallel Concurrent\Parallel Labs\lab_a\lab_a\x64\Debug\kernel.cu.obj" "C:\Users\767905\Documents\Parallel Concurrent\Parallel Labs\lab_a\lab_a\kernel.cu" 
C:\Users\767905\Documents\Parallel Concurrent\Parallel Labs\lab_a\lab_a\kernel.cu(31): warning #546-D: transfer of control bypasses initialization of:
              variable "milliseconds" (declared at line 82)
            goto CleanUp;
            ^
  
  Remark: The warnings can be suppressed with "-diag-suppress <warning-number>"
  
C:\Users\767905\Documents\Parallel Concurrent\Parallel Labs\lab_a\lab_a\kernel.cu(37): warning #546-D: transfer of control bypasses initialization of:
              variable "milliseconds" (declared at line 82)
            goto CleanUp;
            ^
  
C:\Users\767905\Documents\Parallel Concurrent\Parallel Labs\lab_a\lab_a\kernel.cu(42): warning #546-D: transfer of control bypasses initialization of:
              variable "milliseconds" (declared at line 82)
            goto CleanUp;
            ^
  
C:\Users\767905\Documents\Parallel Concurrent\Parallel Labs\lab_a\lab_a\kernel.cu(47): warning #546-D: transfer of control bypasses initialization of:
              variable "milliseconds" (declared at line 82)
            goto CleanUp;
            ^
  
C:\Users\767905\Documents\Parallel Concurrent\Parallel Labs\lab_a\lab_a\kernel.cu(54): warning #546-D: transfer of control bypasses initialization of:
              variable "milliseconds" (declared at line 82)
            goto CleanUp;
            ^
  
C:\Users\767905\Documents\Parallel Concurrent\Parallel Labs\lab_a\lab_a\kernel.cu(59): warning #546-D: transfer of control bypasses initialization of:
              variable "milliseconds" (declared at line 82)
            goto CleanUp;
            ^
  
C:\Users\767905\Documents\Parallel Concurrent\Parallel Labs\lab_a\lab_a\kernel.cu(64): warning #546-D: transfer of control bypasses initialization of:
              variable "milliseconds" (declared at line 82)
            goto CleanUp;
            ^
  
C:\Users\767905\Documents\Parallel Concurrent\Parallel Labs\lab_a\lab_a\kernel.cu(76): warning #546-D: transfer of control bypasses initialization of:
              variable "milliseconds" (declared at line 82)
            goto CleanUp;
            ^
  
C:\Users\767905\Documents\Parallel Concurrent\Parallel Labs\lab_a\lab_a\kernel.cu(31): warning #546-D: transfer of control bypasses initialization of:
              variable "milliseconds" (declared at line 82)
            goto CleanUp;
            ^
  
  Remark: The warnings can be suppressed with "-diag-suppress <warning-number>"
  
C:\Users\767905\Documents\Parallel Concurrent\Parallel Labs\lab_a\lab_a\kernel.cu(37): warning #546-D: transfer of control bypasses initialization of:
              variable "milliseconds" (declared at line 82)
            goto CleanUp;
            ^
  
C:\Users\767905\Documents\Parallel Concurrent\Parallel Labs\lab_a\lab_a\kernel.cu(42): warning #546-D: transfer of control bypasses initialization of:
              variable "milliseconds" (declared at line 82)
            goto CleanUp;
            ^
  
C:\Users\767905\Documents\Parallel Concurrent\Parallel Labs\lab_a\lab_a\kernel.cu(47): warning #546-D: transfer of control bypasses initialization of:
              variable "milliseconds" (declared at line 82)
            goto CleanUp;
            ^
  
C:\Users\767905\Documents\Parallel Concurrent\Parallel Labs\lab_a\lab_a\kernel.cu(54): warning #546-D: transfer of control bypasses initialization of:
              variable "milliseconds" (declared at line 82)
            goto CleanUp;
            ^
  
C:\Users\767905\Documents\Parallel Concurrent\Parallel Labs\lab_a\lab_a\kernel.cu(59): warning #546-D: transfer of control bypasses initialization of:
              variable "milliseconds" (declared at line 82)
            goto CleanUp;
            ^
  
C:\Users\767905\Documents\Parallel Concurrent\Parallel Labs\lab_a\lab_a\kernel.cu(64): warning #546-D: transfer of control bypasses initialization of:
              variable "milliseconds" (declared at line 82)
            goto CleanUp;
            ^
  
C:\Users\767905\Documents\Parallel Concurrent\Parallel Labs\lab_a\lab_a\kernel.cu(76): warning #546-D: transfer of control bypasses initialization of:
              variable "milliseconds" (declared at line 82)
            goto CleanUp;
            ^
  
CUDACOMPILE : nvcc warning : Support for offline compilation for architectures prior to '<compute/sm/lto>_75' will be removed in a future release (Use -Wno-deprecated-gpu-targets to suppress warning).
  kernel.cu
  tmpxft_000086d8_00000000-7_kernel.cudafe1.cpp
  lab_a.vcxproj -> C:\Users\767905\Documents\Parallel Concurrent\Parallel Labs\lab_a\x64\Debug\lab_a.exe
